<?xml version="1.0" encoding="UTF-8"?>
<testng-results retried="2" ignored="2" total="9" passed="4" failed="1" skipped="0">
  <reporter-output>
  </reporter-output>
  <suite started-at="2024-03-11T11:49:51 IST" name="Suite" finished-at="2024-03-11T11:54:22 IST" duration-ms="270992">
    <groups>
      <group name="Fail">
        <method signature="LogoutUsingDataProvider.Logout(java.util.HashMap)[pri:0, instance:Getr.test.LogoutUsingDataProvider@dbd8e44]" name="Logout" class="Getr.test.LogoutUsingDataProvider"/>
      </group> <!-- Fail -->
    </groups>
    <test started-at="2024-03-11T11:49:51 IST" name="Login" finished-at="2024-03-11T11:50:32 IST" duration-ms="41758">
      <class name="Getr.test.LogintoGettr">
        <test-method is-config="true" signature="Landingpage()[pri:0, instance:Getr.test.LogintoGettr@36328d33]" started-at="2024-03-11T11:49:51 IST" name="Landingpage" finished-at="2024-03-11T11:49:56 IST" duration-ms="5498" status="PASS">
          <reporter-output>
          </reporter-output>
        </test-method> <!-- Landingpage -->
        <test-method signature="LoginToApplication()[pri:0, instance:Getr.test.LogintoGettr@36328d33]" started-at="2024-03-11T11:49:56 IST" name="LoginToApplication" finished-at="2024-03-11T11:50:31 IST" duration-ms="35245" status="PASS">
          <reporter-output>
          </reporter-output>
        </test-method> <!-- LoginToApplication -->
        <test-method is-config="true" signature="closedriver()[pri:0, instance:Getr.test.LogintoGettr@36328d33]" started-at="2024-03-11T11:50:31 IST" name="closedriver" finished-at="2024-03-11T11:50:32 IST" duration-ms="914" status="PASS">
          <reporter-output>
          </reporter-output>
        </test-method> <!-- closedriver -->
      </class> <!-- Getr.test.LogintoGettr -->
    </test> <!-- Login -->
    <test started-at="2024-03-11T11:49:51 IST" name="LogOut" finished-at="2024-03-11T11:50:53 IST" duration-ms="62721">
      <class name="Getr.test.Logout">
        <test-method is-config="true" signature="Landingpage()[pri:0, instance:Getr.test.Logout@24111ef1]" started-at="2024-03-11T11:49:51 IST" name="Landingpage" finished-at="2024-03-11T11:49:56 IST" duration-ms="5429" status="PASS">
          <reporter-output>
          </reporter-output>
        </test-method> <!-- Landingpage -->
        <test-method signature="Logout()[pri:0, instance:Getr.test.Logout@24111ef1]" started-at="2024-03-11T11:49:56 IST" name="Logout" finished-at="2024-03-11T11:50:53 IST" duration-ms="57016" status="PASS">
          <reporter-output>
          </reporter-output>
        </test-method> <!-- Logout -->
        <test-method is-config="true" signature="closedriver()[pri:0, instance:Getr.test.Logout@24111ef1]" started-at="2024-03-11T11:50:53 IST" name="closedriver" finished-at="2024-03-11T11:50:53 IST" duration-ms="192" status="PASS">
          <reporter-output>
          </reporter-output>
        </test-method> <!-- closedriver -->
      </class> <!-- Getr.test.Logout -->
    </test> <!-- LogOut -->
    <test started-at="2024-03-11T11:49:51 IST" name="SearchUser" finished-at="2024-03-11T11:50:54 IST" duration-ms="63147">
      <class name="Getr.test.SearchUser">
        <test-method is-config="true" signature="Landingpage()[pri:0, instance:Getr.test.SearchUser@71812481]" started-at="2024-03-11T11:49:51 IST" name="Landingpage" finished-at="2024-03-11T11:50:14 IST" duration-ms="22998" status="PASS">
          <reporter-output>
          </reporter-output>
        </test-method> <!-- Landingpage -->
        <test-method signature="SearchUser()[pri:0, instance:Getr.test.SearchUser@71812481]" started-at="2024-03-11T11:50:14 IST" name="SearchUser" finished-at="2024-03-11T11:50:54 IST" duration-ms="39885" status="PASS">
          <reporter-output>
          </reporter-output>
        </test-method> <!-- SearchUser -->
        <test-method is-config="true" signature="closedriver()[pri:0, instance:Getr.test.SearchUser@71812481]" started-at="2024-03-11T11:50:54 IST" name="closedriver" finished-at="2024-03-11T11:50:54 IST" duration-ms="186" status="PASS">
          <reporter-output>
          </reporter-output>
        </test-method> <!-- closedriver -->
      </class> <!-- Getr.test.SearchUser -->
    </test> <!-- SearchUser -->
    <test started-at="2024-03-11T11:49:51 IST" name="Logout2" finished-at="2024-03-11T11:54:22 IST" duration-ms="270992">
      <class name="Getr.test.LogoutUsingDataProvider">
        <test-method is-config="true" signature="Landingpage()[pri:0, instance:Getr.test.LogoutUsingDataProvider@dbd8e44]" started-at="2024-03-11T11:49:51 IST" name="Landingpage" finished-at="2024-03-11T11:49:56 IST" duration-ms="5422" status="PASS">
          <reporter-output>
          </reporter-output>
        </test-method> <!-- Landingpage -->
        <test-method retried="true" signature="Logout(java.util.HashMap)[pri:0, instance:Getr.test.LogoutUsingDataProvider@dbd8e44]" started-at="2024-03-11T11:49:56 IST" name="Logout" data-provider="getData" finished-at="2024-03-11T11:51:53 IST" duration-ms="116532" status="SKIP">
          <params>
            <param index="0">
              <value>
                <![CDATA[{Displayname=App452, password=Indium@123, username=App452}]]>
              </value>
            </param>
          </params>
          <exception class="org.openqa.selenium.StaleElementReferenceException">
            <message>
              <![CDATA[stale element reference: stale element not found
  (Session info: chrome=122.0.6261.112)
For documentation on this error, please visit: https://www.selenium.dev/documentation/webdriver/troubleshooting/errors#stale-element-reference-exception
Build info: version: '4.17.0', revision: 'e52b1be057*'
System info: os.name: 'Windows 11', os.arch: 'amd64', os.version: '10.0', java.version: '17.0.6'
Driver info: org.openqa.selenium.chrome.ChromeDriver
Command: [856a96009771a65bf02171bb6576538b, isElementDisplayed {id=f.0A92DF82BA4A1F771C7F6592A7C35A84.d.CD494EC43550D359E507B7962CAE74A4.e.65}]
Capabilities {acceptInsecureCerts: false, browserName: chrome, browserVersion: 122.0.6261.112, chrome: {chromedriverVersion: 122.0.6261.111 (9d4c1072da6..., userDataDir: C:\Users\HP\AppData\Local\T...}, fedcm:accounts: true, goog:chromeOptions: {debuggerAddress: localhost:49204}, networkConnectionEnabled: false, pageLoadStrategy: normal, platformName: windows, proxy: Proxy(), se:cdp: ws://localhost:49204/devtoo..., se:cdpVersion: 122.0.6261.112, setWindowRect: true, strictFileInteractability: false, timeouts: {implicit: 0, pageLoad: 300000, script: 30000}, unhandledPromptBehavior: dismiss and notify, webauthn:extension:credBlob: true, webauthn:extension:largeBlob: true, webauthn:extension:minPinLength: true, webauthn:extension:prf: true, webauthn:virtualAuthenticators: true}
Element: [[ChromeDriver: chrome on windows (856a96009771a65bf02171bb6576538b)] -> xpath: //div[@class='Toastify__toast-body']]
Session ID: 856a96009771a65bf02171bb6576538b]]>
            </message>
            <full-stacktrace>
              <![CDATA[org.openqa.selenium.StaleElementReferenceException: stale element reference: stale element not found
  (Session info: chrome=122.0.6261.112)
For documentation on this error, please visit: https://www.selenium.dev/documentation/webdriver/troubleshooting/errors#stale-element-reference-exception
Build info: version: '4.17.0', revision: 'e52b1be057*'
System info: os.name: 'Windows 11', os.arch: 'amd64', os.version: '10.0', java.version: '17.0.6'
Driver info: org.openqa.selenium.chrome.ChromeDriver
Command: [856a96009771a65bf02171bb6576538b, isElementDisplayed {id=f.0A92DF82BA4A1F771C7F6592A7C35A84.d.CD494EC43550D359E507B7962CAE74A4.e.65}]
Capabilities {acceptInsecureCerts: false, browserName: chrome, browserVersion: 122.0.6261.112, chrome: {chromedriverVersion: 122.0.6261.111 (9d4c1072da6..., userDataDir: C:\Users\HP\AppData\Local\T...}, fedcm:accounts: true, goog:chromeOptions: {debuggerAddress: localhost:49204}, networkConnectionEnabled: false, pageLoadStrategy: normal, platformName: windows, proxy: Proxy(), se:cdp: ws://localhost:49204/devtoo..., se:cdpVersion: 122.0.6261.112, setWindowRect: true, strictFileInteractability: false, timeouts: {implicit: 0, pageLoad: 300000, script: 30000}, unhandledPromptBehavior: dismiss and notify, webauthn:extension:credBlob: true, webauthn:extension:largeBlob: true, webauthn:extension:minPinLength: true, webauthn:extension:prf: true, webauthn:virtualAuthenticators: true}
Element: [[ChromeDriver: chrome on windows (856a96009771a65bf02171bb6576538b)] -> xpath: //div[@class='Toastify__toast-body']]
Session ID: 856a96009771a65bf02171bb6576538b
at java.base/jdk.internal.reflect.NativeConstructorAccessorImpl.newInstance0(Native Method)
at java.base/jdk.internal.reflect.NativeConstructorAccessorImpl.newInstance(NativeConstructorAccessorImpl.java:77)
at java.base/jdk.internal.reflect.DelegatingConstructorAccessorImpl.newInstance(DelegatingConstructorAccessorImpl.java:45)
at java.base/java.lang.reflect.Constructor.newInstanceWithCaller(Constructor.java:499)
at java.base/java.lang.reflect.Constructor.newInstance(Constructor.java:480)
at org.openqa.selenium.remote.codec.w3c.W3CHttpResponseCodec.createException(W3CHttpResponseCodec.java:185)
at org.openqa.selenium.remote.codec.w3c.W3CHttpResponseCodec.decode(W3CHttpResponseCodec.java:134)
at org.openqa.selenium.remote.codec.w3c.W3CHttpResponseCodec.decode(W3CHttpResponseCodec.java:51)
at org.openqa.selenium.remote.HttpCommandExecutor.execute(HttpCommandExecutor.java:190)
at org.openqa.selenium.remote.service.DriverCommandExecutor.invokeExecute(DriverCommandExecutor.java:216)
at org.openqa.selenium.remote.service.DriverCommandExecutor.execute(DriverCommandExecutor.java:174)
at org.openqa.selenium.remote.RemoteWebDriver.execute(RemoteWebDriver.java:519)
at org.openqa.selenium.remote.RemoteWebElement.execute(RemoteWebElement.java:223)
at org.openqa.selenium.remote.RemoteWebElement.isDisplayed(RemoteWebElement.java:282)
at org.openqa.selenium.support.ui.ExpectedConditions$8.apply(ExpectedConditions.java:223)
at org.openqa.selenium.support.ui.ExpectedConditions$8.apply(ExpectedConditions.java:218)
at org.openqa.selenium.support.ui.FluentWait.until(FluentWait.java:203)
at Getr.AbstractComponents.AbstractComponents.visibilityOfElementLocated(AbstractComponents.java:22)
at Getr.PageObjects.OnboardingPage.Login(OnboardingPage.java:64)
at Getr.test.LogoutUsingDataProvider.Logout(LogoutUsingDataProvider.java:17)
at java.base/jdk.internal.reflect.NativeMethodAccessorImpl.invoke0(Native Method)
at java.base/jdk.internal.reflect.NativeMethodAccessorImpl.invoke(NativeMethodAccessorImpl.java:77)
at java.base/jdk.internal.reflect.DelegatingMethodAccessorImpl.invoke(DelegatingMethodAccessorImpl.java:43)
at java.base/java.lang.reflect.Method.invoke(Method.java:568)
at org.testng.internal.invokers.MethodInvocationHelper.invokeMethod(MethodInvocationHelper.java:139)
at org.testng.internal.invokers.TestInvoker.invokeMethod(TestInvoker.java:664)
at org.testng.internal.invokers.TestInvoker.invokeTestMethod(TestInvoker.java:228)
at org.testng.internal.invokers.MethodRunner.runInSequence(MethodRunner.java:63)
at org.testng.internal.invokers.TestInvoker$MethodInvocationAgent.invoke(TestInvoker.java:961)
at org.testng.internal.invokers.TestInvoker.invokeTestMethods(TestInvoker.java:201)
at org.testng.internal.invokers.TestMethodWorker.invokeTestMethods(TestMethodWorker.java:148)
at org.testng.internal.invokers.TestMethodWorker.run(TestMethodWorker.java:128)
at java.base/java.util.ArrayList.forEach(ArrayList.java:1511)
at org.testng.TestRunner.privateRun(TestRunner.java:819)
at org.testng.TestRunner.run(TestRunner.java:619)
at org.testng.SuiteRunner.runTest(SuiteRunner.java:443)
at org.testng.SuiteRunner$SuiteWorker.run(SuiteRunner.java:481)
at org.testng.internal.thread.ThreadUtil.lambda$execute$0(ThreadUtil.java:58)
at java.base/java.util.concurrent.FutureTask.run(FutureTask.java:264)
at java.base/java.util.concurrent.ThreadPoolExecutor.runWorker(ThreadPoolExecutor.java:1136)
at java.base/java.util.concurrent.ThreadPoolExecutor$Worker.run(ThreadPoolExecutor.java:635)
at java.base/java.lang.Thread.run(Thread.java:833)
]]>
            </full-stacktrace>
          </exception> <!-- org.openqa.selenium.StaleElementReferenceException -->
          <reporter-output>
          </reporter-output>
        </test-method> <!-- Logout -->
        <test-method is-config="true" signature="closedriver()[pri:0, instance:Getr.test.LogoutUsingDataProvider@dbd8e44]" started-at="2024-03-11T11:51:53 IST" name="closedriver" finished-at="2024-03-11T11:51:53 IST" duration-ms="301" status="PASS">
          <reporter-output>
          </reporter-output>
        </test-method> <!-- closedriver -->
        <test-method is-config="true" signature="Landingpage()[pri:0, instance:Getr.test.LogoutUsingDataProvider@dbd8e44]" started-at="2024-03-11T11:51:53 IST" name="Landingpage" finished-at="2024-03-11T11:52:18 IST" duration-ms="24818" status="PASS">
          <reporter-output>
          </reporter-output>
        </test-method> <!-- Landingpage -->
        <test-method signature="Logout(java.util.HashMap)[pri:0, instance:Getr.test.LogoutUsingDataProvider@dbd8e44]" started-at="2024-03-11T11:52:18 IST" name="Logout" data-provider="getData" finished-at="2024-03-11T11:52:53 IST" duration-ms="34998" status="PASS">
          <params>
            <param index="0">
              <value>
                <![CDATA[{Displayname=App452, password=Indium@123, username=App452}]]>
              </value>
            </param>
          </params>
          <reporter-output>
          </reporter-output>
        </test-method> <!-- Logout -->
        <test-method is-config="true" signature="closedriver()[pri:0, instance:Getr.test.LogoutUsingDataProvider@dbd8e44]" started-at="2024-03-11T11:52:53 IST" name="closedriver" finished-at="2024-03-11T11:52:53 IST" duration-ms="264" status="PASS">
          <reporter-output>
          </reporter-output>
        </test-method> <!-- closedriver -->
        <test-method is-config="true" signature="Landingpage()[pri:0, instance:Getr.test.LogoutUsingDataProvider@dbd8e44]" started-at="2024-03-11T11:52:53 IST" name="Landingpage" finished-at="2024-03-11T11:53:12 IST" duration-ms="19173" status="PASS">
          <reporter-output>
          </reporter-output>
        </test-method> <!-- Landingpage -->
        <test-method retried="true" signature="Logout(java.util.HashMap)[pri:0, instance:Getr.test.LogoutUsingDataProvider@dbd8e44]" started-at="2024-03-11T11:53:12 IST" name="Logout" data-provider="getData" finished-at="2024-03-11T11:53:36 IST" duration-ms="23722" status="SKIP">
          <params>
            <param index="0">
              <value>
                <![CDATA[{Displayname=megzz1615, password=Indium1, username=john0208}]]>
              </value>
            </param>
          </params>
          <exception class="org.openqa.selenium.TimeoutException">
            <message>
              <![CDATA[Expected condition failed: waiting for visibility of all elements located by By.xpath: //div[@class='Toastify__toast-body'] (tried for 20 second(s) with 500 milliseconds interval)
Build info: version: '4.17.0', revision: 'e52b1be057*'
System info: os.name: 'Windows 11', os.arch: 'amd64', os.version: '10.0', java.version: '17.0.6'
Driver info: org.openqa.selenium.chrome.ChromeDriver
Capabilities {acceptInsecureCerts: false, browserName: chrome, browserVersion: 122.0.6261.112, chrome: {chromedriverVersion: 122.0.6261.111 (9d4c1072da6..., userDataDir: C:\Users\HP\AppData\Local\T...}, fedcm:accounts: true, goog:chromeOptions: {debuggerAddress: localhost:50312}, networkConnectionEnabled: false, pageLoadStrategy: normal, platformName: windows, proxy: Proxy(), se:cdp: ws://localhost:50312/devtoo..., se:cdpVersion: 122.0.6261.112, setWindowRect: true, strictFileInteractability: false, timeouts: {implicit: 0, pageLoad: 300000, script: 30000}, unhandledPromptBehavior: dismiss and notify, webauthn:extension:credBlob: true, webauthn:extension:largeBlob: true, webauthn:extension:minPinLength: true, webauthn:extension:prf: true, webauthn:virtualAuthenticators: true}
Session ID: 201e5e07b3452a2ec6c14a3d59f8b8ca]]>
            </message>
            <full-stacktrace>
              <![CDATA[org.openqa.selenium.TimeoutException: Expected condition failed: waiting for visibility of all elements located by By.xpath: //div[@class='Toastify__toast-body'] (tried for 20 second(s) with 500 milliseconds interval)
Build info: version: '4.17.0', revision: 'e52b1be057*'
System info: os.name: 'Windows 11', os.arch: 'amd64', os.version: '10.0', java.version: '17.0.6'
Driver info: org.openqa.selenium.chrome.ChromeDriver
Capabilities {acceptInsecureCerts: false, browserName: chrome, browserVersion: 122.0.6261.112, chrome: {chromedriverVersion: 122.0.6261.111 (9d4c1072da6..., userDataDir: C:\Users\HP\AppData\Local\T...}, fedcm:accounts: true, goog:chromeOptions: {debuggerAddress: localhost:50312}, networkConnectionEnabled: false, pageLoadStrategy: normal, platformName: windows, proxy: Proxy(), se:cdp: ws://localhost:50312/devtoo..., se:cdpVersion: 122.0.6261.112, setWindowRect: true, strictFileInteractability: false, timeouts: {implicit: 0, pageLoad: 300000, script: 30000}, unhandledPromptBehavior: dismiss and notify, webauthn:extension:credBlob: true, webauthn:extension:largeBlob: true, webauthn:extension:minPinLength: true, webauthn:extension:prf: true, webauthn:virtualAuthenticators: true}
Session ID: 201e5e07b3452a2ec6c14a3d59f8b8ca
at org.openqa.selenium.support.ui.WebDriverWait.timeoutException(WebDriverWait.java:84)
at org.openqa.selenium.support.ui.FluentWait.until(FluentWait.java:228)
at Getr.AbstractComponents.AbstractComponents.visibilityOfElementLocated(AbstractComponents.java:22)
at Getr.PageObjects.OnboardingPage.Login(OnboardingPage.java:64)
at Getr.test.LogoutUsingDataProvider.Logout(LogoutUsingDataProvider.java:17)
at java.base/jdk.internal.reflect.NativeMethodAccessorImpl.invoke0(Native Method)
at java.base/jdk.internal.reflect.NativeMethodAccessorImpl.invoke(NativeMethodAccessorImpl.java:77)
at java.base/jdk.internal.reflect.DelegatingMethodAccessorImpl.invoke(DelegatingMethodAccessorImpl.java:43)
at java.base/java.lang.reflect.Method.invoke(Method.java:568)
at org.testng.internal.invokers.MethodInvocationHelper.invokeMethod(MethodInvocationHelper.java:139)
at org.testng.internal.invokers.TestInvoker.invokeMethod(TestInvoker.java:664)
at org.testng.internal.invokers.TestInvoker.invokeTestMethod(TestInvoker.java:228)
at org.testng.internal.invokers.MethodRunner.runInSequence(MethodRunner.java:63)
at org.testng.internal.invokers.TestInvoker$MethodInvocationAgent.invoke(TestInvoker.java:961)
at org.testng.internal.invokers.TestInvoker.invokeTestMethods(TestInvoker.java:201)
at org.testng.internal.invokers.TestMethodWorker.invokeTestMethods(TestMethodWorker.java:148)
at org.testng.internal.invokers.TestMethodWorker.run(TestMethodWorker.java:128)
at java.base/java.util.ArrayList.forEach(ArrayList.java:1511)
at org.testng.TestRunner.privateRun(TestRunner.java:819)
at org.testng.TestRunner.run(TestRunner.java:619)
at org.testng.SuiteRunner.runTest(SuiteRunner.java:443)
at org.testng.SuiteRunner$SuiteWorker.run(SuiteRunner.java:481)
at org.testng.internal.thread.ThreadUtil.lambda$execute$0(ThreadUtil.java:58)
at java.base/java.util.concurrent.FutureTask.run(FutureTask.java:264)
at java.base/java.util.concurrent.ThreadPoolExecutor.runWorker(ThreadPoolExecutor.java:1136)
at java.base/java.util.concurrent.ThreadPoolExecutor$Worker.run(ThreadPoolExecutor.java:635)
at java.base/java.lang.Thread.run(Thread.java:833)
]]>
            </full-stacktrace>
          </exception> <!-- org.openqa.selenium.TimeoutException -->
          <reporter-output>
          </reporter-output>
        </test-method> <!-- Logout -->
        <test-method is-config="true" signature="closedriver()[pri:0, instance:Getr.test.LogoutUsingDataProvider@dbd8e44]" started-at="2024-03-11T11:53:36 IST" name="closedriver" finished-at="2024-03-11T11:53:36 IST" duration-ms="261" status="PASS">
          <reporter-output>
          </reporter-output>
        </test-method> <!-- closedriver -->
        <test-method is-config="true" signature="Landingpage()[pri:0, instance:Getr.test.LogoutUsingDataProvider@dbd8e44]" started-at="2024-03-11T11:53:36 IST" name="Landingpage" finished-at="2024-03-11T11:53:57 IST" duration-ms="20959" status="PASS">
          <reporter-output>
          </reporter-output>
        </test-method> <!-- Landingpage -->
        <test-method signature="Logout(java.util.HashMap)[pri:0, instance:Getr.test.LogoutUsingDataProvider@dbd8e44]" started-at="2024-03-11T11:53:57 IST" name="Logout" data-provider="getData" finished-at="2024-03-11T11:54:21 IST" duration-ms="23771" status="FAIL">
          <params>
            <param index="0">
              <value>
                <![CDATA[{Displayname=megzz1615, password=Indium1, username=john0208}]]>
              </value>
            </param>
          </params>
          <exception class="org.openqa.selenium.TimeoutException">
            <message>
              <![CDATA[Expected condition failed: waiting for visibility of all elements located by By.xpath: //div[@class='Toastify__toast-body'] (tried for 20 second(s) with 500 milliseconds interval)
Build info: version: '4.17.0', revision: 'e52b1be057*'
System info: os.name: 'Windows 11', os.arch: 'amd64', os.version: '10.0', java.version: '17.0.6'
Driver info: org.openqa.selenium.chrome.ChromeDriver
Capabilities {acceptInsecureCerts: false, browserName: chrome, browserVersion: 122.0.6261.112, chrome: {chromedriverVersion: 122.0.6261.111 (9d4c1072da6..., userDataDir: C:\Users\HP\AppData\Local\T...}, fedcm:accounts: true, goog:chromeOptions: {debuggerAddress: localhost:50442}, networkConnectionEnabled: false, pageLoadStrategy: normal, platformName: windows, proxy: Proxy(), se:cdp: ws://localhost:50442/devtoo..., se:cdpVersion: 122.0.6261.112, setWindowRect: true, strictFileInteractability: false, timeouts: {implicit: 0, pageLoad: 300000, script: 30000}, unhandledPromptBehavior: dismiss and notify, webauthn:extension:credBlob: true, webauthn:extension:largeBlob: true, webauthn:extension:minPinLength: true, webauthn:extension:prf: true, webauthn:virtualAuthenticators: true}
Session ID: 61222efcd7729d870ac28cd8f3445c67]]>
            </message>
            <full-stacktrace>
              <![CDATA[org.openqa.selenium.TimeoutException: Expected condition failed: waiting for visibility of all elements located by By.xpath: //div[@class='Toastify__toast-body'] (tried for 20 second(s) with 500 milliseconds interval)
Build info: version: '4.17.0', revision: 'e52b1be057*'
System info: os.name: 'Windows 11', os.arch: 'amd64', os.version: '10.0', java.version: '17.0.6'
Driver info: org.openqa.selenium.chrome.ChromeDriver
Capabilities {acceptInsecureCerts: false, browserName: chrome, browserVersion: 122.0.6261.112, chrome: {chromedriverVersion: 122.0.6261.111 (9d4c1072da6..., userDataDir: C:\Users\HP\AppData\Local\T...}, fedcm:accounts: true, goog:chromeOptions: {debuggerAddress: localhost:50442}, networkConnectionEnabled: false, pageLoadStrategy: normal, platformName: windows, proxy: Proxy(), se:cdp: ws://localhost:50442/devtoo..., se:cdpVersion: 122.0.6261.112, setWindowRect: true, strictFileInteractability: false, timeouts: {implicit: 0, pageLoad: 300000, script: 30000}, unhandledPromptBehavior: dismiss and notify, webauthn:extension:credBlob: true, webauthn:extension:largeBlob: true, webauthn:extension:minPinLength: true, webauthn:extension:prf: true, webauthn:virtualAuthenticators: true}
Session ID: 61222efcd7729d870ac28cd8f3445c67
at org.openqa.selenium.support.ui.WebDriverWait.timeoutException(WebDriverWait.java:84)
at org.openqa.selenium.support.ui.FluentWait.until(FluentWait.java:228)
at Getr.AbstractComponents.AbstractComponents.visibilityOfElementLocated(AbstractComponents.java:22)
at Getr.PageObjects.OnboardingPage.Login(OnboardingPage.java:64)
at Getr.test.LogoutUsingDataProvider.Logout(LogoutUsingDataProvider.java:17)
at java.base/jdk.internal.reflect.NativeMethodAccessorImpl.invoke0(Native Method)
at java.base/jdk.internal.reflect.NativeMethodAccessorImpl.invoke(NativeMethodAccessorImpl.java:77)
at java.base/jdk.internal.reflect.DelegatingMethodAccessorImpl.invoke(DelegatingMethodAccessorImpl.java:43)
at java.base/java.lang.reflect.Method.invoke(Method.java:568)
at org.testng.internal.invokers.MethodInvocationHelper.invokeMethod(MethodInvocationHelper.java:139)
at org.testng.internal.invokers.TestInvoker.invokeMethod(TestInvoker.java:664)
at org.testng.internal.invokers.TestInvoker.retryFailed(TestInvoker.java:249)
at org.testng.internal.invokers.MethodRunner.runInSequence(MethodRunner.java:76)
at org.testng.internal.invokers.TestInvoker$MethodInvocationAgent.invoke(TestInvoker.java:961)
at org.testng.internal.invokers.TestInvoker.invokeTestMethods(TestInvoker.java:201)
at org.testng.internal.invokers.TestMethodWorker.invokeTestMethods(TestMethodWorker.java:148)
at org.testng.internal.invokers.TestMethodWorker.run(TestMethodWorker.java:128)
at java.base/java.util.ArrayList.forEach(ArrayList.java:1511)
at org.testng.TestRunner.privateRun(TestRunner.java:819)
at org.testng.TestRunner.run(TestRunner.java:619)
at org.testng.SuiteRunner.runTest(SuiteRunner.java:443)
at org.testng.SuiteRunner$SuiteWorker.run(SuiteRunner.java:481)
at org.testng.internal.thread.ThreadUtil.lambda$execute$0(ThreadUtil.java:58)
at java.base/java.util.concurrent.FutureTask.run(FutureTask.java:264)
at java.base/java.util.concurrent.ThreadPoolExecutor.runWorker(ThreadPoolExecutor.java:1136)
at java.base/java.util.concurrent.ThreadPoolExecutor$Worker.run(ThreadPoolExecutor.java:635)
at java.base/java.lang.Thread.run(Thread.java:833)
]]>
            </full-stacktrace>
          </exception> <!-- org.openqa.selenium.TimeoutException -->
          <reporter-output>
          </reporter-output>
        </test-method> <!-- Logout -->
        <test-method is-config="true" signature="closedriver()[pri:0, instance:Getr.test.LogoutUsingDataProvider@dbd8e44]" started-at="2024-03-11T11:54:21 IST" name="closedriver" finished-at="2024-03-11T11:54:22 IST" duration-ms="379" status="PASS">
          <reporter-output>
          </reporter-output>
        </test-method> <!-- closedriver -->
      </class> <!-- Getr.test.LogoutUsingDataProvider -->
    </test> <!-- Logout2 -->
  </suite> <!-- Suite -->
</testng-results>
